CameraCapture/microsoft-azure-storage/build/intermediates/manifest_merge_blame_file/debug/manifest-merger-blame-debug-report.txt
1<?xml version="1.0" encoding="utf-8"?>
2<!--
3     Copyright Microsoft Corporation Licensed under the Apache License, Version 
4	2.0 (the "License"); you may not use this file except in compliance with 
5	the License. You may obtain a copy of the License at http://www.apache.org/licenses/LICENSE-2.0 
6	Unless required by applicable law or agreed to in writing, software distributed 
7	under the License is distributed on an "AS IS" BASIS, WITHOUT WARRANTIES 
8	OR CONDITIONS OF ANY KIND, either express or implied. See the License for 
9	the specific language governing permissions and limitations under the License.
10-->
11<manifest xmlns:android="http://schemas.android.com/apk/res/android"
12    package="com.microsoft.azure.android"
13    android:versionCode="0"
14    android:versionName="2.0.0" >
15
16    <uses-sdk
16-->azure-storage-android\microsoft-azure-storage\AndroidManifest.xml:14:38-16:41
17        android:minSdkVersion="1"
17-->azure-storage-android\microsoft-azure-storage\AndroidManifest.xml:15:9-35
18        android:targetSdkVersion="22" />
18-->azure-storage-android\microsoft-azure-storage\AndroidManifest.xml:16:9-38
19
20    <uses-permission android:name="android.permission.INTERNET" />
20-->azure-storage-android\microsoft-azure-storage\AndroidManifest.xml:18:5-67
20-->azure-storage-android\microsoft-azure-storage\AndroidManifest.xml:18:22-64
21
22</manifest>